============================================================
MetLife 고객목록조회 - Upstage Enhanced OCR 연동
로그 파일: run_20260208_185102.log
선택 초성: ㅋ
고객 클릭: 활성화
통합뷰/리포트: 활성화 (--integrated-view)
네비 모드: Arrow Down (키보드)
============================================================

[1단계] 고객목록조회 진입
  [1-1] 메인 화면으로 이동...
  [1-1] 메인 화면 로딩 대기 (10초)...
  [1-2] 고객관리 클릭...
  [1-3] 고객등록 클릭...
  [1-4] 고객목록조회 클릭...
[1단계 완료]

[2단계] 초성 버튼 및 고객 처리

  === [ㅋ] 초성 처리 시작 ===
  [ㅋ] 버튼 클릭...
        -> 감지: ↓=True, ↑=True
        -> 내림차순 확인됨
  [SCROLL] 스크롤을 맨 위로 이동...
  [SCROLL] 스크롤 맨 위 완료
  [INIT] 고객명 클릭: x=110, 스크롤 클릭: x=210, 기준 y=439

  ==================================================
  [네비 1] 시작
  ==================================================
  [SCROLL] 스크롤을 맨 위로 이동...
  [SCROLL] 스크롤 맨 위 완료

    ----------------------------------------
    [N1-S1] 스크롤 페이지 1 (전체 1)
    ----------------------------------------
    [CAPTURE] 스크롤 전 테이블 전체 캡처 완료
  [OCR] ----------------------------------------
  [OCR] 1/4. 화면 캡처
  [OCR]   - 원본: page_ㅋ_1_1770544303.png
  [OCR]   - 크롭: page_ㅋ_1_1770544303_cropped.png
  [OCR] 2/4. Upstage Enhanced API 호출...
  [OCR] 3/4. API 응답 (3.0초)
  [OCR] 4/4. 8명 인식 완료
  [OCR] ----------------------------------------

  [OCR] === [ㅋ] 페이지 1 - OCR 결과 (8명) ===
  [OCR]  No  고객명      구분   생년월일     나이  성별   휴대폰
  [OCR] ---- ----------  ----  ----------  ----  ----  --------------
  [OCR]   1  캐치업코리아    계약                      미사용   010-4941-8720
  [OCR]   2  코디바이저코리아  계약                      미사용   010-6271-1536
  [OCR]   3  코우머스      계약                      미사용   010-4026-7362
  [OCR]   4  코우머스      계약                      미사용   010-4026-7362
  [OCR]   5  코우머스      계약                      미사용   010-4026-7362
  [OCR]   6  코우머스      계약                      미사용   010-4026-7362
  [OCR]   7  코우머스      계약                      미사용   010-4026-7362
  [OCR]   8  키소        계약                      미사용   010-8894-0214
  [OCR] ================================================
    [N1-S1] 8행
      [PAGE_INFO] scroll_page=1, is_scrolled=False, offset=32
      [고객처리] 8명 처리 시작 (중복 0행 스킵, offset=32)
        [1/8] 캐치업코리아 클릭...
        [ARROW] 첫 행 클릭 (offset): y=471 (row_index=0)
        [DIAG] 스크린샷 저장: click_001_P1_R00_캐치업코리아.png
        -> 고객통합뷰 진입 및 리포트 다운로드...
        -> 고객통합뷰 처리 완료
        -> 종료(x) 클릭...
        -> 캐치업코리아 처리 완료
        [2/8] 코디바이저코리아 클릭...
        [ARROW] Arrow Down + ROW_HEIGHT: y=508
        [DIAG] 스크린샷 저장: click_002_P1_R01_코디바이저코리아.png
        -> 고객통합뷰 진입 및 리포트 다운로드...
        -> 고객통합뷰 처리 완료
        -> 종료(x) 클릭...
        -> 코디바이저코리아 처리 완료
        [3/8] 코우머스 클릭...
        [ARROW] Arrow Down + ROW_HEIGHT: y=545
        [DIAG] 스크린샷 저장: click_003_P1_R02_코우머스.png
        -> 고객통합뷰 진입 및 리포트 다운로드...
        -> 고객통합뷰 처리 완료
        -> 종료(x) 클릭...
        -> 코우머스 처리 완료
        [4/8] 코우머스 클릭...
        [ARROW] Arrow Down + ROW_HEIGHT: y=582
        [DIAG] 스크린샷 저장: click_004_P1_R03_코우머스.png
        -> 고객통합뷰 진입 및 리포트 다운로드...
        -> 고객통합뷰 처리 완료
        -> 종료(x) 클릭...
        -> 코우머스 처리 완료
        [5/8] 코우머스 클릭...
        [ARROW] Arrow Down + ROW_HEIGHT: y=619
        [DIAG] 스크린샷 저장: click_005_P1_R04_코우머스.png
        -> 고객통합뷰 진입 및 리포트 다운로드...
        -> 고객통합뷰 처리 완료
        -> 종료(x) 클릭...
        -> 코우머스 처리 완료
        [6/8] 코우머스 클릭...
        [ARROW] Arrow Down + ROW_HEIGHT: y=656
        [DIAG] 스크린샷 저장: click_006_P1_R05_코우머스.png
        -> 고객통합뷰 진입 및 리포트 다운로드...
        -> 고객통합뷰 처리 완료
        -> 종료(x) 클릭...
        -> 코우머스 처리 완료
        [7/8] 코우머스 클릭...
        [ARROW] Arrow Down + ROW_HEIGHT: y=693
        [DIAG] 스크린샷 저장: click_007_P1_R06_코우머스.png
        -> 고객통합뷰 진입 및 리포트 다운로드...
        -> 고객통합뷰 처리 완료
        -> 종료(x) 클릭...
        -> 코우머스 처리 완료
        [8/8] 키소 클릭...
        [ARROW] Arrow Down + ROW_HEIGHT: y=730
        [DIAG] 스크린샷 저장: click_008_P1_R07_키소.png
        -> 고객통합뷰 진입 및 리포트 다운로드...
        -> 고객통합뷰 처리 완료
        -> 종료(x) 클릭...
        -> 키소 처리 완료
      [고객처리] 8명 처리 완료
    [SCROLL] Page Down 스크롤...
        -> 포커스: 테이블 하단 클릭 (310, 809)
        -> Page Down 완료
    [COMPARE] 테이블 전체 비교: 87.8% 동일 (2810/3200 샘플)
    [COMPARE] → 계속 진행 (충분히 다름)

    *** 스크롤 1 → 2 이동 ***

    ----------------------------------------
    [N1-S2] 스크롤 페이지 2 (전체 2)
    ----------------------------------------
    [CAPTURE] 스크롤 전 테이블 전체 캡처 완료
  [OCR] ----------------------------------------
  [OCR] 1/4. 화면 캡처
  [OCR]   - 원본: page_ㅋ_2_1770545058.png
  [OCR]   - 크롭: page_ㅋ_2_1770545058_cropped.png
  [OCR] 2/4. Upstage Enhanced API 호출...
  [OCR] 3/4. API 응답 (3.2초)
  [OCR] 4/4. 8명 인식 완료
  [OCR] ----------------------------------------

  [OCR] === [ㅋ] 페이지 2 - OCR 결과 (8명) ===
  [OCR]  No  고객명      구분   생년월일     나이  성별   휴대폰
  [OCR] ---- ----------  ----  ----------  ----  ----  --------------
  [OCR]   1  캐치업코리아    계약                      미사용   010-4941-8720
  [OCR]   2  코디바이저코리아  계약                      미사용   010-6271-1536
  [OCR]   3  코우머스      계약                      미사용   010-4026-7362
  [OCR]   4  코우머스      계약                      미사용   010-4026-7362
  [OCR]   5  코우머스      계약                      미사용   010-4026-7362
  [OCR]   6  코우머스      계약                      미사용   010-4026-7362
  [OCR]   7  코우머스      계약                      미사용   010-4026-7362
  [OCR]   8  키소        계약                      미사용   010-8894-0214
  [OCR] ================================================
    [STUCK] 신규 행 0건 (연속 1회)
    [N1-S2] 0행 (스크롤중복 8행 제외)
      [PAGE_INFO] scroll_page=2, is_scrolled=True, offset=32
        [SKIP] 처리할 고객 없음 (중복 8행 스킵)
    [SCROLL] Page Down 스크롤...
        -> 포커스: 테이블 하단 클릭 (310, 809)
        -> Page Down 완료
    [COMPARE] 테이블 전체 비교: 100.0% 동일 (3200/3200 샘플)
    [COMPARE] → 마지막 페이지 (98%+ 동일)

    *** 스크롤 끝 도달! (스크롤 전후 동일) ***
    [네비 1] 스크롤 페이지 2개 완료

  [네비 1] 스크롤 완료 → '다음' 버튼 확인...

  ##################################################
  #  [다음] 버튼 없음!
  #  초성 [ㅋ] 모든 페이지 처리 완료!
  ##################################################

======================================================================
  [ㅋ] 초성 처리 결과 Summary
======================================================================
  총 행수: 8행 | 오류: 0건 | 소요: 13분 0초
  네비 페이지: 1회 | 스크롤 페이지: 2개
  고객통합뷰 처리: 8명

  [변액리포트]
    변액보험 존재: 2명 | 미존재: 6명
    PDF 저장: 2건 | 중복스킵: 0건 | MetLife 오류 스킵: 0건

  [Annual Report]
    존재+저장: 0건 | 미존재: 8건 | 버튼없음: 0건

  [문제 Report] 문제 없음!
======================================================================

[2단계 완료]

============================================================
초성 버튼 테스트 완료!
소요 시간: 13분 26초
총 행수: 8행, 오류: 0명
캡처/OCR 결과: D:\captures\metlife_ocr\ㅋ
로그 파일: D:\captures\metlife_ocr\ㅋ\run_20260208_185102.log

[OK] 오류 없이 완료!
============================================================
